<testcase id="tc-server-002" xmlns="http://www.gitb.com/tdl/v1/" xmlns:gitb="http://www.gitb.com/core/v1/" xmlns:xsi="http://www.w3.org/2001/XMLSchema-instance">
    <metadata>
        <gitb:name>Test case 2: Reject invalid allergy intolerance</gitb:name>
        <gitb:version>1.0</gitb:version>
        <gitb:description>The FHIR server receives from a FHIR client an allergy intolerance submission with an invalid resource type and is expected to reject it.</gitb:description>
        <gitb:documentation import="docs/server/test-case-2.html"/>
        <!--
            For test cases you can also define any number of tags that appear in the same way as you would see labels on GitHub. Each such tag has
            a label, colours and (optionally) a longer description that would appear as a context tooltip on the UI or legend description in PDF reports.
        -->
        <gitb:tags>
            <gitb:tag foreground="#FFFFFF" background="#FF2E00" name="unhappyFlow">Test case related to ensuring errors are correctly handled.</gitb:tag>
        </gitb:tags>        
    </metadata>
    <actors>
        <gitb:actor id="client"/>
        <gitb:actor id="server" role="SUT"/>
    </actors>
    <steps stopOnError="true">
        <group title="Setup" desc="Test session setup" collapsed="true">
            <call path="scriptlets/setupData.xml">
                <input name="ingestData">$SYSTEM{ingestDataPerTestSession}</input>
                <input name="serverApiRoot">$SYSTEM{serverApiRoot}</input>
            </call>
        </group>
        <group title="Step 1" desc="Submit invalid allergy">
            <call path="scriptlets/createAllergy.xml" output="allergy">
                <input name="resourceType">"AllergyIntoleranceXXX"</input>
                <input name="codeCode">"762952008"</input>
                <input name="codeDisplay">"Peanut (substance)"</input>
                <input name="codeText">"Allergic to peanut"</input>
                <input name="reactionCode">"39579001"</input>
                <input name="reactionDisplay">"Anaphylactic reaction"</input>
            </call>
            <call path="scriptlets/submitAllergy.xml" output="result">
                <input name="content">$allergy{content}</input>
            </call>        
            <verify id="verifyStatus" handler="StringValidator" desc="Verify status code">
                <input name="actualstring">$result{status}</input>
                <input name="expectedstring">"400"</input>            
            </verify>
            <process handler="JSONPointerProcessor" operation="process" output="outcomeLevel">
                <input name="content">$result{payload}</input>
                <input name="pointer">"/issue/0/severity"</input>
            </process>
            <verify id="verifyError" handler="StringValidator" desc="Verify that an error was returned">
                <input name="actualstring">$outcomeLevel</input>
                <input name="expectedstring">"error"</input>
            </verify>
        </group>
    </steps>
    <output>
        <success>
            <default>"Test case completed successfully."</default>
        </success>
        <failure>
            <case>
                <cond>$STEP_STATUS{verifyStatus} = 'ERROR'</cond>
                <message>"You were expected to reject the submission with a bad request response (400)."</message>
            </case>            
            <case>
                <cond>$STEP_STATUS{verifyError} = 'ERROR'</cond>
                <message>"You were expected to report a validation error in your response."</message>
            </case>            
            <default>"Test case failed. Please check the failed step's report for more information and the test log."</default>
        </failure>
    </output>    
</testcase>